<?xml version="1.0" encoding="UTF-8"?>
<testsuite xmlns:xsi="http://www.w3.org/2001/XMLSchema-instance" xsi:noNamespaceSchemaLocation="https://maven.apache.org/surefire/maven-surefire-plugin/xsd/surefire-test-report-3.0.xsd" version="3.0" name="com.bxtz.BillTest" time="0.04" tests="2" errors="0" skipped="0" failures="0">
  <properties>
    <property name="java.specification.version" value="22"/>
    <property name="sun.cpu.isalist" value="amd64"/>
    <property name="sun.jnu.encoding" value="UTF-8"/>
    <property name="java.class.path" value="C:\Users\ASUS\SoftwareEngineering\target\test-classes;C:\Users\ASUS\SoftwareEngineering\target\classes;C:\Users\ASUS\.m2\repository\org\openjfx\javafx-controls\24\javafx-controls-24.jar;C:\Users\ASUS\.m2\repository\org\openjfx\javafx-controls\24\javafx-controls-24-win.jar;C:\Users\ASUS\.m2\repository\org\openjfx\javafx-graphics\24\javafx-graphics-24.jar;C:\Users\ASUS\.m2\repository\org\openjfx\javafx-graphics\24\javafx-graphics-24-win.jar;C:\Users\ASUS\.m2\repository\org\openjfx\javafx-base\24\javafx-base-24.jar;C:\Users\ASUS\.m2\repository\org\openjfx\javafx-base\24\javafx-base-24-win.jar;C:\Users\ASUS\.m2\repository\org\openjfx\javafx-fxml\21.0.2\javafx-fxml-21.0.2.jar;C:\Users\ASUS\.m2\repository\org\openjfx\javafx-fxml\21.0.2\javafx-fxml-21.0.2-win.jar;C:\Users\ASUS\.m2\repository\org\openjfx\javafx-web\24\javafx-web-24.jar;C:\Users\ASUS\.m2\repository\org\openjfx\javafx-web\24\javafx-web-24-win.jar;C:\Users\ASUS\.m2\repository\org\openjfx\javafx-media\24\javafx-media-24.jar;C:\Users\ASUS\.m2\repository\org\openjfx\javafx-media\24\javafx-media-24-win.jar;C:\Users\ASUS\.m2\repository\org\openjfx\javafx-swing\24\javafx-swing-24.jar;C:\Users\ASUS\.m2\repository\org\openjfx\javafx-swing\24\javafx-swing-24-win.jar;C:\Users\ASUS\.m2\repository\com\opencsv\opencsv\5.10\opencsv-5.10.jar;C:\Users\ASUS\.m2\repository\org\apache\commons\commons-lang3\3.17.0\commons-lang3-3.17.0.jar;C:\Users\ASUS\.m2\repository\org\apache\commons\commons-text\1.13.0\commons-text-1.13.0.jar;C:\Users\ASUS\.m2\repository\commons-beanutils\commons-beanutils\1.10.0\commons-beanutils-1.10.0.jar;C:\Users\ASUS\.m2\repository\commons-logging\commons-logging\1.3.4\commons-logging-1.3.4.jar;C:\Users\ASUS\.m2\repository\commons-collections\commons-collections\3.2.2\commons-collections-3.2.2.jar;C:\Users\ASUS\.m2\repository\org\apache\commons\commons-collections4\4.4\commons-collections4-4.4.jar;C:\Users\ASUS\.m2\repository\org\springframework\spring-context\6.1.5\spring-context-6.1.5.jar;C:\Users\ASUS\.m2\repository\org\springframework\spring-aop\6.1.5\spring-aop-6.1.5.jar;C:\Users\ASUS\.m2\repository\org\springframework\spring-beans\6.1.5\spring-beans-6.1.5.jar;C:\Users\ASUS\.m2\repository\org\springframework\spring-core\6.1.5\spring-core-6.1.5.jar;C:\Users\ASUS\.m2\repository\org\springframework\spring-jcl\6.1.5\spring-jcl-6.1.5.jar;C:\Users\ASUS\.m2\repository\org\springframework\spring-expression\6.1.5\spring-expression-6.1.5.jar;C:\Users\ASUS\.m2\repository\io\micrometer\micrometer-observation\1.12.4\micrometer-observation-1.12.4.jar;C:\Users\ASUS\.m2\repository\io\micrometer\micrometer-commons\1.12.4\micrometer-commons-1.12.4.jar;C:\Users\ASUS\.m2\repository\org\springframework\ai\spring-ai-ollama\1.0.0-RC1\spring-ai-ollama-1.0.0-RC1.jar;C:\Users\ASUS\.m2\repository\org\springframework\ai\spring-ai-retry\1.0.0-RC1\spring-ai-retry-1.0.0-RC1.jar;C:\Users\ASUS\.m2\repository\org\springframework\retry\spring-retry\2.0.11\spring-retry-2.0.11.jar;C:\Users\ASUS\.m2\repository\org\springframework\spring-webflux\6.2.6\spring-webflux-6.2.6.jar;C:\Users\ASUS\.m2\repository\org\springframework\spring-web\6.2.6\spring-web-6.2.6.jar;C:\Users\ASUS\.m2\repository\com\fasterxml\jackson\datatype\jackson-datatype-jsr310\2.18.3\jackson-datatype-jsr310-2.18.3.jar;C:\Users\ASUS\.m2\repository\org\slf4j\slf4j-api\2.0.17\slf4j-api-2.0.17.jar;C:\Users\ASUS\.m2\repository\org\springframework\ai\spring-ai-core\1.0.0-M6\spring-ai-core-1.0.0-M6.jar;C:\Users\ASUS\.m2\repository\com\fasterxml\jackson\module\jackson-module-jsonSchema\2.18.2\jackson-module-jsonSchema-2.18.2.jar;C:\Users\ASUS\.m2\repository\javax\validation\validation-api\1.1.0.Final\validation-api-1.1.0.Final.jar;C:\Users\ASUS\.m2\repository\io\swagger\core\v3\swagger-annotations\2.2.25\swagger-annotations-2.2.25.jar;C:\Users\ASUS\.m2\repository\com\github\victools\jsonschema-module-swagger-2\4.37.0\jsonschema-module-swagger-2-4.37.0.jar;C:\Users\ASUS\.m2\repository\org\antlr\ST4\4.3.4\ST4-4.3.4.jar;C:\Users\ASUS\.m2\repository\org\antlr\antlr-runtime\3.5.3\antlr-runtime-3.5.3.jar;C:\Users\ASUS\.m2\repository\org\antlr\antlr4-runtime\4.13.1\antlr4-runtime-4.13.1.jar;C:\Users\ASUS\.m2\repository\io\projectreactor\reactor-core\3.7.2\reactor-core-3.7.2.jar;C:\Users\ASUS\.m2\repository\org\reactivestreams\reactive-streams\1.0.4\reactive-streams-1.0.4.jar;C:\Users\ASUS\.m2\repository\org\springframework\spring-messaging\6.2.2\spring-messaging-6.2.2.jar;C:\Users\ASUS\.m2\repository\io\micrometer\micrometer-core\1.14.3\micrometer-core-1.14.3.jar;C:\Users\ASUS\.m2\repository\org\hdrhistogram\HdrHistogram\2.2.2\HdrHistogram-2.2.2.jar;C:\Users\ASUS\.m2\repository\org\latencyutils\LatencyUtils\2.0.3\LatencyUtils-2.0.3.jar;C:\Users\ASUS\.m2\repository\io\micrometer\context-propagation\1.1.2\context-propagation-1.1.2.jar;C:\Users\ASUS\.m2\repository\com\knuddels\jtokkit\1.1.0\jtokkit-1.1.0.jar;C:\Users\ASUS\.m2\repository\com\github\victools\jsonschema-generator\4.37.0\jsonschema-generator-4.37.0.jar;C:\Users\ASUS\.m2\repository\com\fasterxml\classmate\1.7.0\classmate-1.7.0.jar;C:\Users\ASUS\.m2\repository\com\github\victools\jsonschema-module-jackson\4.37.0\jsonschema-module-jackson-4.37.0.jar;C:\Users\ASUS\.m2\repository\org\springframework\ai\spring-ai-client-chat\1.0.0-RC1\spring-ai-client-chat-1.0.0-RC1.jar;C:\Users\ASUS\.m2\repository\org\springframework\ai\spring-ai-model\1.0.0-RC1\spring-ai-model-1.0.0-RC1.jar;C:\Users\ASUS\.m2\repository\org\springframework\ai\spring-ai-commons\1.0.0-RC1\spring-ai-commons-1.0.0-RC1.jar;C:\Users\ASUS\.m2\repository\org\springframework\ai\spring-ai-template-st\1.0.0-RC1\spring-ai-template-st-1.0.0-RC1.jar;C:\Users\ASUS\.m2\repository\com\fasterxml\jackson\core\jackson-core\2.17.0\jackson-core-2.17.0.jar;C:\Users\ASUS\.m2\repository\com\fasterxml\jackson\core\jackson-databind\2.17.0\jackson-databind-2.17.0.jar;C:\Users\ASUS\.m2\repository\com\fasterxml\jackson\core\jackson-annotations\2.17.0\jackson-annotations-2.17.0.jar;C:\Users\ASUS\.m2\repository\net\bytebuddy\byte-buddy\1.14.9\byte-buddy-1.14.9.jar;C:\Users\ASUS\.m2\repository\org\projectlombok\lombok\1.18.38\lombok-1.18.38.jar;C:\Users\ASUS\.m2\repository\com\vladsch\flexmark\flexmark-all\0.64.0\flexmark-all-0.64.0.jar;C:\Users\ASUS\.m2\repository\com\vladsch\flexmark\flexmark\0.64.0\flexmark-0.64.0.jar;C:\Users\ASUS\.m2\repository\com\vladsch\flexmark\flexmark-ext-abbreviation\0.64.0\flexmark-ext-abbreviation-0.64.0.jar;C:\Users\ASUS\.m2\repository\com\vladsch\flexmark\flexmark-util\0.64.0\flexmark-util-0.64.0.jar;C:\Users\ASUS\.m2\repository\com\vladsch\flexmark\flexmark-ext-admonition\0.64.0\flexmark-ext-admonition-0.64.0.jar;C:\Users\ASUS\.m2\repository\com\vladsch\flexmark\flexmark-ext-anchorlink\0.64.0\flexmark-ext-anchorlink-0.64.0.jar;C:\Users\ASUS\.m2\repository\com\vladsch\flexmark\flexmark-ext-aside\0.64.0\flexmark-ext-aside-0.64.0.jar;C:\Users\ASUS\.m2\repository\com\vladsch\flexmark\flexmark-ext-attributes\0.64.0\flexmark-ext-attributes-0.64.0.jar;C:\Users\ASUS\.m2\repository\com\vladsch\flexmark\flexmark-ext-autolink\0.64.0\flexmark-ext-autolink-0.64.0.jar;C:\Users\ASUS\.m2\repository\org\nibor\autolink\autolink\0.6.0\autolink-0.6.0.jar;C:\Users\ASUS\.m2\repository\com\vladsch\flexmark\flexmark-ext-definition\0.64.0\flexmark-ext-definition-0.64.0.jar;C:\Users\ASUS\.m2\repository\com\vladsch\flexmark\flexmark-ext-emoji\0.64.0\flexmark-ext-emoji-0.64.0.jar;C:\Users\ASUS\.m2\repository\com\vladsch\flexmark\flexmark-ext-enumerated-reference\0.64.0\flexmark-ext-enumerated-reference-0.64.0.jar;C:\Users\ASUS\.m2\repository\com\vladsch\flexmark\flexmark-ext-escaped-character\0.64.0\flexmark-ext-escaped-character-0.64.0.jar;C:\Users\ASUS\.m2\repository\com\vladsch\flexmark\flexmark-ext-footnotes\0.64.0\flexmark-ext-footnotes-0.64.0.jar;C:\Users\ASUS\.m2\repository\com\vladsch\flexmark\flexmark-ext-gfm-issues\0.64.0\flexmark-ext-gfm-issues-0.64.0.jar;C:\Users\ASUS\.m2\repository\com\vladsch\flexmark\flexmark-ext-gfm-strikethrough\0.64.0\flexmark-ext-gfm-strikethrough-0.64.0.jar;C:\Users\ASUS\.m2\repository\com\vladsch\flexmark\flexmark-ext-gfm-tasklist\0.64.0\flexmark-ext-gfm-tasklist-0.64.0.jar;C:\Users\ASUS\.m2\repository\com\vladsch\flexmark\flexmark-ext-gfm-users\0.64.0\flexmark-ext-gfm-users-0.64.0.jar;C:\Users\ASUS\.m2\repository\com\vladsch\flexmark\flexmark-ext-gitlab\0.64.0\flexmark-ext-gitlab-0.64.0.jar;C:\Users\ASUS\.m2\repository\com\vladsch\flexmark\flexmark-ext-jekyll-front-matter\0.64.0\flexmark-ext-jekyll-front-matter-0.64.0.jar;C:\Users\ASUS\.m2\repository\com\vladsch\flexmark\flexmark-ext-jekyll-tag\0.64.0\flexmark-ext-jekyll-tag-0.64.0.jar;C:\Users\ASUS\.m2\repository\com\vladsch\flexmark\flexmark-ext-media-tags\0.64.0\flexmark-ext-media-tags-0.64.0.jar;C:\Users\ASUS\.m2\repository\com\vladsch\flexmark\flexmark-ext-resizable-image\0.64.0\flexmark-ext-resizable-image-0.64.0.jar;C:\Users\ASUS\.m2\repository\com\vladsch\flexmark\flexmark-ext-macros\0.64.0\flexmark-ext-macros-0.64.0.jar;C:\Users\ASUS\.m2\repository\com\vladsch\flexmark\flexmark-ext-ins\0.64.0\flexmark-ext-ins-0.64.0.jar;C:\Users\ASUS\.m2\repository\com\vladsch\flexmark\flexmark-ext-xwiki-macros\0.64.0\flexmark-ext-xwiki-macros-0.64.0.jar;C:\Users\ASUS\.m2\repository\com\vladsch\flexmark\flexmark-ext-superscript\0.64.0\flexmark-ext-superscript-0.64.0.jar;C:\Users\ASUS\.m2\repository\com\vladsch\flexmark\flexmark-ext-tables\0.64.0\flexmark-ext-tables-0.64.0.jar;C:\Users\ASUS\.m2\repository\com\vladsch\flexmark\flexmark-ext-toc\0.64.0\flexmark-ext-toc-0.64.0.jar;C:\Users\ASUS\.m2\repository\com\vladsch\flexmark\flexmark-ext-typographic\0.64.0\flexmark-ext-typographic-0.64.0.jar;C:\Users\ASUS\.m2\repository\com\vladsch\flexmark\flexmark-ext-wikilink\0.64.0\flexmark-ext-wikilink-0.64.0.jar;C:\Users\ASUS\.m2\repository\com\vladsch\flexmark\flexmark-ext-yaml-front-matter\0.64.0\flexmark-ext-yaml-front-matter-0.64.0.jar;C:\Users\ASUS\.m2\repository\com\vladsch\flexmark\flexmark-ext-youtube-embedded\0.64.0\flexmark-ext-youtube-embedded-0.64.0.jar;C:\Users\ASUS\.m2\repository\com\vladsch\flexmark\flexmark-html2md-converter\0.64.0\flexmark-html2md-converter-0.64.0.jar;C:\Users\ASUS\.m2\repository\org\jsoup\jsoup\1.14.3\jsoup-1.14.3.jar;C:\Users\ASUS\.m2\repository\com\vladsch\flexmark\flexmark-jira-converter\0.64.0\flexmark-jira-converter-0.64.0.jar;C:\Users\ASUS\.m2\repository\com\vladsch\flexmark\flexmark-pdf-converter\0.64.0\flexmark-pdf-converter-0.64.0.jar;C:\Users\ASUS\.m2\repository\com\openhtmltopdf\openhtmltopdf-core\1.0.10\openhtmltopdf-core-1.0.10.jar;C:\Users\ASUS\.m2\repository\com\openhtmltopdf\openhtmltopdf-pdfbox\1.0.10\openhtmltopdf-pdfbox-1.0.10.jar;C:\Users\ASUS\.m2\repository\org\apache\pdfbox\pdfbox\2.0.24\pdfbox-2.0.24.jar;C:\Users\ASUS\.m2\repository\org\apache\pdfbox\fontbox\2.0.24\fontbox-2.0.24.jar;C:\Users\ASUS\.m2\repository\org\apache\pdfbox\xmpbox\2.0.24\xmpbox-2.0.24.jar;C:\Users\ASUS\.m2\repository\de\rototor\pdfbox\graphics2d\0.32\graphics2d-0.32.jar;C:\Users\ASUS\.m2\repository\com\openhtmltopdf\openhtmltopdf-rtl-support\1.0.10\openhtmltopdf-rtl-support-1.0.10.jar;C:\Users\ASUS\.m2\repository\com\ibm\icu\icu4j\59.1\icu4j-59.1.jar;C:\Users\ASUS\.m2\repository\com\openhtmltopdf\openhtmltopdf-jsoup-dom-converter\1.0.0\openhtmltopdf-jsoup-dom-converter-1.0.0.jar;C:\Users\ASUS\.m2\repository\com\vladsch\flexmark\flexmark-profile-pegdown\0.64.0\flexmark-profile-pegdown-0.64.0.jar;C:\Users\ASUS\.m2\repository\com\vladsch\flexmark\flexmark-util-ast\0.64.0\flexmark-util-ast-0.64.0.jar;C:\Users\ASUS\.m2\repository\org\jetbrains\annotations\15.0\annotations-15.0.jar;C:\Users\ASUS\.m2\repository\com\vladsch\flexmark\flexmark-util-builder\0.64.0\flexmark-util-builder-0.64.0.jar;C:\Users\ASUS\.m2\repository\com\vladsch\flexmark\flexmark-util-collection\0.64.0\flexmark-util-collection-0.64.0.jar;C:\Users\ASUS\.m2\repository\com\vladsch\flexmark\flexmark-util-data\0.64.0\flexmark-util-data-0.64.0.jar;C:\Users\ASUS\.m2\repository\com\vladsch\flexmark\flexmark-util-dependency\0.64.0\flexmark-util-dependency-0.64.0.jar;C:\Users\ASUS\.m2\repository\com\vladsch\flexmark\flexmark-util-format\0.64.0\flexmark-util-format-0.64.0.jar;C:\Users\ASUS\.m2\repository\com\vladsch\flexmark\flexmark-util-html\0.64.0\flexmark-util-html-0.64.0.jar;C:\Users\ASUS\.m2\repository\com\vladsch\flexmark\flexmark-util-misc\0.64.0\flexmark-util-misc-0.64.0.jar;C:\Users\ASUS\.m2\repository\com\vladsch\flexmark\flexmark-util-options\0.64.0\flexmark-util-options-0.64.0.jar;C:\Users\ASUS\.m2\repository\com\vladsch\flexmark\flexmark-util-sequence\0.64.0\flexmark-util-sequence-0.64.0.jar;C:\Users\ASUS\.m2\repository\com\vladsch\flexmark\flexmark-util-visitor\0.64.0\flexmark-util-visitor-0.64.0.jar;C:\Users\ASUS\.m2\repository\com\vladsch\flexmark\flexmark-youtrack-converter\0.64.0\flexmark-youtrack-converter-0.64.0.jar;C:\Users\ASUS\.m2\repository\org\junit\jupiter\junit-jupiter-api\5.10.2\junit-jupiter-api-5.10.2.jar;C:\Users\ASUS\.m2\repository\org\opentest4j\opentest4j\1.3.0\opentest4j-1.3.0.jar;C:\Users\ASUS\.m2\repository\org\junit\platform\junit-platform-commons\1.10.2\junit-platform-commons-1.10.2.jar;C:\Users\ASUS\.m2\repository\org\apiguardian\apiguardian-api\1.1.2\apiguardian-api-1.1.2.jar;C:\Users\ASUS\.m2\repository\org\junit\jupiter\junit-jupiter-engine\5.10.2\junit-jupiter-engine-5.10.2.jar;C:\Users\ASUS\.m2\repository\org\junit\platform\junit-platform-engine\1.10.2\junit-platform-engine-1.10.2.jar;C:\Users\ASUS\.m2\repository\org\junit\jupiter\junit-jupiter-params\5.10.2\junit-jupiter-params-5.10.2.jar;C:\Users\ASUS\.m2\repository\org\mockito\mockito-core\5.11.0\mockito-core-5.11.0.jar;C:\Users\ASUS\.m2\repository\net\bytebuddy\byte-buddy-agent\1.14.12\byte-buddy-agent-1.14.12.jar;C:\Users\ASUS\.m2\repository\org\objenesis\objenesis\3.3\objenesis-3.3.jar;C:\Users\ASUS\.m2\repository\org\mockito\mockito-junit-jupiter\5.11.0\mockito-junit-jupiter-5.11.0.jar;"/>
    <property name="java.vm.vendor" value="Oracle Corporation"/>
    <property name="sun.arch.data.model" value="64"/>
    <property name="user.variant" value=""/>
    <property name="java.vendor.url" value="https://java.oracle.com/"/>
    <property name="user.timezone" value="Asia/Shanghai"/>
    <property name="os.name" value="Windows 11"/>
    <property name="java.vm.specification.version" value="22"/>
    <property name="sun.java.launcher" value="SUN_STANDARD"/>
    <property name="user.country" value="CN"/>
    <property name="sun.boot.library.path" value="C:\Scoop\apps\openjdk22\current\bin"/>
    <property name="sun.java.command" value="C:\Users\ASUS\AppData\Local\Temp\surefire4176031854312106677\surefirebooter-20250524000053598_3.jar C:\Users\ASUS\AppData\Local\Temp\surefire4176031854312106677 2025-05-24T00-00-53_502-jvmRun1 surefire-20250524000053598_1tmp surefire_0-20250524000053598_2tmp"/>
    <property name="jdk.debug" value="release"/>
    <property name="surefire.test.class.path" value="C:\Users\ASUS\SoftwareEngineering\target\test-classes;C:\Users\ASUS\SoftwareEngineering\target\classes;C:\Users\ASUS\.m2\repository\org\openjfx\javafx-controls\24\javafx-controls-24.jar;C:\Users\ASUS\.m2\repository\org\openjfx\javafx-controls\24\javafx-controls-24-win.jar;C:\Users\ASUS\.m2\repository\org\openjfx\javafx-graphics\24\javafx-graphics-24.jar;C:\Users\ASUS\.m2\repository\org\openjfx\javafx-graphics\24\javafx-graphics-24-win.jar;C:\Users\ASUS\.m2\repository\org\openjfx\javafx-base\24\javafx-base-24.jar;C:\Users\ASUS\.m2\repository\org\openjfx\javafx-base\24\javafx-base-24-win.jar;C:\Users\ASUS\.m2\repository\org\openjfx\javafx-fxml\21.0.2\javafx-fxml-21.0.2.jar;C:\Users\ASUS\.m2\repository\org\openjfx\javafx-fxml\21.0.2\javafx-fxml-21.0.2-win.jar;C:\Users\ASUS\.m2\repository\org\openjfx\javafx-web\24\javafx-web-24.jar;C:\Users\ASUS\.m2\repository\org\openjfx\javafx-web\24\javafx-web-24-win.jar;C:\Users\ASUS\.m2\repository\org\openjfx\javafx-media\24\javafx-media-24.jar;C:\Users\ASUS\.m2\repository\org\openjfx\javafx-media\24\javafx-media-24-win.jar;C:\Users\ASUS\.m2\repository\org\openjfx\javafx-swing\24\javafx-swing-24.jar;C:\Users\ASUS\.m2\repository\org\openjfx\javafx-swing\24\javafx-swing-24-win.jar;C:\Users\ASUS\.m2\repository\com\opencsv\opencsv\5.10\opencsv-5.10.jar;C:\Users\ASUS\.m2\repository\org\apache\commons\commons-lang3\3.17.0\commons-lang3-3.17.0.jar;C:\Users\ASUS\.m2\repository\org\apache\commons\commons-text\1.13.0\commons-text-1.13.0.jar;C:\Users\ASUS\.m2\repository\commons-beanutils\commons-beanutils\1.10.0\commons-beanutils-1.10.0.jar;C:\Users\ASUS\.m2\repository\commons-logging\commons-logging\1.3.4\commons-logging-1.3.4.jar;C:\Users\ASUS\.m2\repository\commons-collections\commons-collections\3.2.2\commons-collections-3.2.2.jar;C:\Users\ASUS\.m2\repository\org\apache\commons\commons-collections4\4.4\commons-collections4-4.4.jar;C:\Users\ASUS\.m2\repository\org\springframework\spring-context\6.1.5\spring-context-6.1.5.jar;C:\Users\ASUS\.m2\repository\org\springframework\spring-aop\6.1.5\spring-aop-6.1.5.jar;C:\Users\ASUS\.m2\repository\org\springframework\spring-beans\6.1.5\spring-beans-6.1.5.jar;C:\Users\ASUS\.m2\repository\org\springframework\spring-core\6.1.5\spring-core-6.1.5.jar;C:\Users\ASUS\.m2\repository\org\springframework\spring-jcl\6.1.5\spring-jcl-6.1.5.jar;C:\Users\ASUS\.m2\repository\org\springframework\spring-expression\6.1.5\spring-expression-6.1.5.jar;C:\Users\ASUS\.m2\repository\io\micrometer\micrometer-observation\1.12.4\micrometer-observation-1.12.4.jar;C:\Users\ASUS\.m2\repository\io\micrometer\micrometer-commons\1.12.4\micrometer-commons-1.12.4.jar;C:\Users\ASUS\.m2\repository\org\springframework\ai\spring-ai-ollama\1.0.0-RC1\spring-ai-ollama-1.0.0-RC1.jar;C:\Users\ASUS\.m2\repository\org\springframework\ai\spring-ai-retry\1.0.0-RC1\spring-ai-retry-1.0.0-RC1.jar;C:\Users\ASUS\.m2\repository\org\springframework\retry\spring-retry\2.0.11\spring-retry-2.0.11.jar;C:\Users\ASUS\.m2\repository\org\springframework\spring-webflux\6.2.6\spring-webflux-6.2.6.jar;C:\Users\ASUS\.m2\repository\org\springframework\spring-web\6.2.6\spring-web-6.2.6.jar;C:\Users\ASUS\.m2\repository\com\fasterxml\jackson\datatype\jackson-datatype-jsr310\2.18.3\jackson-datatype-jsr310-2.18.3.jar;C:\Users\ASUS\.m2\repository\org\slf4j\slf4j-api\2.0.17\slf4j-api-2.0.17.jar;C:\Users\ASUS\.m2\repository\org\springframework\ai\spring-ai-core\1.0.0-M6\spring-ai-core-1.0.0-M6.jar;C:\Users\ASUS\.m2\repository\com\fasterxml\jackson\module\jackson-module-jsonSchema\2.18.2\jackson-module-jsonSchema-2.18.2.jar;C:\Users\ASUS\.m2\repository\javax\validation\validation-api\1.1.0.Final\validation-api-1.1.0.Final.jar;C:\Users\ASUS\.m2\repository\io\swagger\core\v3\swagger-annotations\2.2.25\swagger-annotations-2.2.25.jar;C:\Users\ASUS\.m2\repository\com\github\victools\jsonschema-module-swagger-2\4.37.0\jsonschema-module-swagger-2-4.37.0.jar;C:\Users\ASUS\.m2\repository\org\antlr\ST4\4.3.4\ST4-4.3.4.jar;C:\Users\ASUS\.m2\repository\org\antlr\antlr-runtime\3.5.3\antlr-runtime-3.5.3.jar;C:\Users\ASUS\.m2\repository\org\antlr\antlr4-runtime\4.13.1\antlr4-runtime-4.13.1.jar;C:\Users\ASUS\.m2\repository\io\projectreactor\reactor-core\3.7.2\reactor-core-3.7.2.jar;C:\Users\ASUS\.m2\repository\org\reactivestreams\reactive-streams\1.0.4\reactive-streams-1.0.4.jar;C:\Users\ASUS\.m2\repository\org\springframework\spring-messaging\6.2.2\spring-messaging-6.2.2.jar;C:\Users\ASUS\.m2\repository\io\micrometer\micrometer-core\1.14.3\micrometer-core-1.14.3.jar;C:\Users\ASUS\.m2\repository\org\hdrhistogram\HdrHistogram\2.2.2\HdrHistogram-2.2.2.jar;C:\Users\ASUS\.m2\repository\org\latencyutils\LatencyUtils\2.0.3\LatencyUtils-2.0.3.jar;C:\Users\ASUS\.m2\repository\io\micrometer\context-propagation\1.1.2\context-propagation-1.1.2.jar;C:\Users\ASUS\.m2\repository\com\knuddels\jtokkit\1.1.0\jtokkit-1.1.0.jar;C:\Users\ASUS\.m2\repository\com\github\victools\jsonschema-generator\4.37.0\jsonschema-generator-4.37.0.jar;C:\Users\ASUS\.m2\repository\com\fasterxml\classmate\1.7.0\classmate-1.7.0.jar;C:\Users\ASUS\.m2\repository\com\github\victools\jsonschema-module-jackson\4.37.0\jsonschema-module-jackson-4.37.0.jar;C:\Users\ASUS\.m2\repository\org\springframework\ai\spring-ai-client-chat\1.0.0-RC1\spring-ai-client-chat-1.0.0-RC1.jar;C:\Users\ASUS\.m2\repository\org\springframework\ai\spring-ai-model\1.0.0-RC1\spring-ai-model-1.0.0-RC1.jar;C:\Users\ASUS\.m2\repository\org\springframework\ai\spring-ai-commons\1.0.0-RC1\spring-ai-commons-1.0.0-RC1.jar;C:\Users\ASUS\.m2\repository\org\springframework\ai\spring-ai-template-st\1.0.0-RC1\spring-ai-template-st-1.0.0-RC1.jar;C:\Users\ASUS\.m2\repository\com\fasterxml\jackson\core\jackson-core\2.17.0\jackson-core-2.17.0.jar;C:\Users\ASUS\.m2\repository\com\fasterxml\jackson\core\jackson-databind\2.17.0\jackson-databind-2.17.0.jar;C:\Users\ASUS\.m2\repository\com\fasterxml\jackson\core\jackson-annotations\2.17.0\jackson-annotations-2.17.0.jar;C:\Users\ASUS\.m2\repository\net\bytebuddy\byte-buddy\1.14.9\byte-buddy-1.14.9.jar;C:\Users\ASUS\.m2\repository\org\projectlombok\lombok\1.18.38\lombok-1.18.38.jar;C:\Users\ASUS\.m2\repository\com\vladsch\flexmark\flexmark-all\0.64.0\flexmark-all-0.64.0.jar;C:\Users\ASUS\.m2\repository\com\vladsch\flexmark\flexmark\0.64.0\flexmark-0.64.0.jar;C:\Users\ASUS\.m2\repository\com\vladsch\flexmark\flexmark-ext-abbreviation\0.64.0\flexmark-ext-abbreviation-0.64.0.jar;C:\Users\ASUS\.m2\repository\com\vladsch\flexmark\flexmark-util\0.64.0\flexmark-util-0.64.0.jar;C:\Users\ASUS\.m2\repository\com\vladsch\flexmark\flexmark-ext-admonition\0.64.0\flexmark-ext-admonition-0.64.0.jar;C:\Users\ASUS\.m2\repository\com\vladsch\flexmark\flexmark-ext-anchorlink\0.64.0\flexmark-ext-anchorlink-0.64.0.jar;C:\Users\ASUS\.m2\repository\com\vladsch\flexmark\flexmark-ext-aside\0.64.0\flexmark-ext-aside-0.64.0.jar;C:\Users\ASUS\.m2\repository\com\vladsch\flexmark\flexmark-ext-attributes\0.64.0\flexmark-ext-attributes-0.64.0.jar;C:\Users\ASUS\.m2\repository\com\vladsch\flexmark\flexmark-ext-autolink\0.64.0\flexmark-ext-autolink-0.64.0.jar;C:\Users\ASUS\.m2\repository\org\nibor\autolink\autolink\0.6.0\autolink-0.6.0.jar;C:\Users\ASUS\.m2\repository\com\vladsch\flexmark\flexmark-ext-definition\0.64.0\flexmark-ext-definition-0.64.0.jar;C:\Users\ASUS\.m2\repository\com\vladsch\flexmark\flexmark-ext-emoji\0.64.0\flexmark-ext-emoji-0.64.0.jar;C:\Users\ASUS\.m2\repository\com\vladsch\flexmark\flexmark-ext-enumerated-reference\0.64.0\flexmark-ext-enumerated-reference-0.64.0.jar;C:\Users\ASUS\.m2\repository\com\vladsch\flexmark\flexmark-ext-escaped-character\0.64.0\flexmark-ext-escaped-character-0.64.0.jar;C:\Users\ASUS\.m2\repository\com\vladsch\flexmark\flexmark-ext-footnotes\0.64.0\flexmark-ext-footnotes-0.64.0.jar;C:\Users\ASUS\.m2\repository\com\vladsch\flexmark\flexmark-ext-gfm-issues\0.64.0\flexmark-ext-gfm-issues-0.64.0.jar;C:\Users\ASUS\.m2\repository\com\vladsch\flexmark\flexmark-ext-gfm-strikethrough\0.64.0\flexmark-ext-gfm-strikethrough-0.64.0.jar;C:\Users\ASUS\.m2\repository\com\vladsch\flexmark\flexmark-ext-gfm-tasklist\0.64.0\flexmark-ext-gfm-tasklist-0.64.0.jar;C:\Users\ASUS\.m2\repository\com\vladsch\flexmark\flexmark-ext-gfm-users\0.64.0\flexmark-ext-gfm-users-0.64.0.jar;C:\Users\ASUS\.m2\repository\com\vladsch\flexmark\flexmark-ext-gitlab\0.64.0\flexmark-ext-gitlab-0.64.0.jar;C:\Users\ASUS\.m2\repository\com\vladsch\flexmark\flexmark-ext-jekyll-front-matter\0.64.0\flexmark-ext-jekyll-front-matter-0.64.0.jar;C:\Users\ASUS\.m2\repository\com\vladsch\flexmark\flexmark-ext-jekyll-tag\0.64.0\flexmark-ext-jekyll-tag-0.64.0.jar;C:\Users\ASUS\.m2\repository\com\vladsch\flexmark\flexmark-ext-media-tags\0.64.0\flexmark-ext-media-tags-0.64.0.jar;C:\Users\ASUS\.m2\repository\com\vladsch\flexmark\flexmark-ext-resizable-image\0.64.0\flexmark-ext-resizable-image-0.64.0.jar;C:\Users\ASUS\.m2\repository\com\vladsch\flexmark\flexmark-ext-macros\0.64.0\flexmark-ext-macros-0.64.0.jar;C:\Users\ASUS\.m2\repository\com\vladsch\flexmark\flexmark-ext-ins\0.64.0\flexmark-ext-ins-0.64.0.jar;C:\Users\ASUS\.m2\repository\com\vladsch\flexmark\flexmark-ext-xwiki-macros\0.64.0\flexmark-ext-xwiki-macros-0.64.0.jar;C:\Users\ASUS\.m2\repository\com\vladsch\flexmark\flexmark-ext-superscript\0.64.0\flexmark-ext-superscript-0.64.0.jar;C:\Users\ASUS\.m2\repository\com\vladsch\flexmark\flexmark-ext-tables\0.64.0\flexmark-ext-tables-0.64.0.jar;C:\Users\ASUS\.m2\repository\com\vladsch\flexmark\flexmark-ext-toc\0.64.0\flexmark-ext-toc-0.64.0.jar;C:\Users\ASUS\.m2\repository\com\vladsch\flexmark\flexmark-ext-typographic\0.64.0\flexmark-ext-typographic-0.64.0.jar;C:\Users\ASUS\.m2\repository\com\vladsch\flexmark\flexmark-ext-wikilink\0.64.0\flexmark-ext-wikilink-0.64.0.jar;C:\Users\ASUS\.m2\repository\com\vladsch\flexmark\flexmark-ext-yaml-front-matter\0.64.0\flexmark-ext-yaml-front-matter-0.64.0.jar;C:\Users\ASUS\.m2\repository\com\vladsch\flexmark\flexmark-ext-youtube-embedded\0.64.0\flexmark-ext-youtube-embedded-0.64.0.jar;C:\Users\ASUS\.m2\repository\com\vladsch\flexmark\flexmark-html2md-converter\0.64.0\flexmark-html2md-converter-0.64.0.jar;C:\Users\ASUS\.m2\repository\org\jsoup\jsoup\1.14.3\jsoup-1.14.3.jar;C:\Users\ASUS\.m2\repository\com\vladsch\flexmark\flexmark-jira-converter\0.64.0\flexmark-jira-converter-0.64.0.jar;C:\Users\ASUS\.m2\repository\com\vladsch\flexmark\flexmark-pdf-converter\0.64.0\flexmark-pdf-converter-0.64.0.jar;C:\Users\ASUS\.m2\repository\com\openhtmltopdf\openhtmltopdf-core\1.0.10\openhtmltopdf-core-1.0.10.jar;C:\Users\ASUS\.m2\repository\com\openhtmltopdf\openhtmltopdf-pdfbox\1.0.10\openhtmltopdf-pdfbox-1.0.10.jar;C:\Users\ASUS\.m2\repository\org\apache\pdfbox\pdfbox\2.0.24\pdfbox-2.0.24.jar;C:\Users\ASUS\.m2\repository\org\apache\pdfbox\fontbox\2.0.24\fontbox-2.0.24.jar;C:\Users\ASUS\.m2\repository\org\apache\pdfbox\xmpbox\2.0.24\xmpbox-2.0.24.jar;C:\Users\ASUS\.m2\repository\de\rototor\pdfbox\graphics2d\0.32\graphics2d-0.32.jar;C:\Users\ASUS\.m2\repository\com\openhtmltopdf\openhtmltopdf-rtl-support\1.0.10\openhtmltopdf-rtl-support-1.0.10.jar;C:\Users\ASUS\.m2\repository\com\ibm\icu\icu4j\59.1\icu4j-59.1.jar;C:\Users\ASUS\.m2\repository\com\openhtmltopdf\openhtmltopdf-jsoup-dom-converter\1.0.0\openhtmltopdf-jsoup-dom-converter-1.0.0.jar;C:\Users\ASUS\.m2\repository\com\vladsch\flexmark\flexmark-profile-pegdown\0.64.0\flexmark-profile-pegdown-0.64.0.jar;C:\Users\ASUS\.m2\repository\com\vladsch\flexmark\flexmark-util-ast\0.64.0\flexmark-util-ast-0.64.0.jar;C:\Users\ASUS\.m2\repository\org\jetbrains\annotations\15.0\annotations-15.0.jar;C:\Users\ASUS\.m2\repository\com\vladsch\flexmark\flexmark-util-builder\0.64.0\flexmark-util-builder-0.64.0.jar;C:\Users\ASUS\.m2\repository\com\vladsch\flexmark\flexmark-util-collection\0.64.0\flexmark-util-collection-0.64.0.jar;C:\Users\ASUS\.m2\repository\com\vladsch\flexmark\flexmark-util-data\0.64.0\flexmark-util-data-0.64.0.jar;C:\Users\ASUS\.m2\repository\com\vladsch\flexmark\flexmark-util-dependency\0.64.0\flexmark-util-dependency-0.64.0.jar;C:\Users\ASUS\.m2\repository\com\vladsch\flexmark\flexmark-util-format\0.64.0\flexmark-util-format-0.64.0.jar;C:\Users\ASUS\.m2\repository\com\vladsch\flexmark\flexmark-util-html\0.64.0\flexmark-util-html-0.64.0.jar;C:\Users\ASUS\.m2\repository\com\vladsch\flexmark\flexmark-util-misc\0.64.0\flexmark-util-misc-0.64.0.jar;C:\Users\ASUS\.m2\repository\com\vladsch\flexmark\flexmark-util-options\0.64.0\flexmark-util-options-0.64.0.jar;C:\Users\ASUS\.m2\repository\com\vladsch\flexmark\flexmark-util-sequence\0.64.0\flexmark-util-sequence-0.64.0.jar;C:\Users\ASUS\.m2\repository\com\vladsch\flexmark\flexmark-util-visitor\0.64.0\flexmark-util-visitor-0.64.0.jar;C:\Users\ASUS\.m2\repository\com\vladsch\flexmark\flexmark-youtrack-converter\0.64.0\flexmark-youtrack-converter-0.64.0.jar;C:\Users\ASUS\.m2\repository\org\junit\jupiter\junit-jupiter-api\5.10.2\junit-jupiter-api-5.10.2.jar;C:\Users\ASUS\.m2\repository\org\opentest4j\opentest4j\1.3.0\opentest4j-1.3.0.jar;C:\Users\ASUS\.m2\repository\org\junit\platform\junit-platform-commons\1.10.2\junit-platform-commons-1.10.2.jar;C:\Users\ASUS\.m2\repository\org\apiguardian\apiguardian-api\1.1.2\apiguardian-api-1.1.2.jar;C:\Users\ASUS\.m2\repository\org\junit\jupiter\junit-jupiter-engine\5.10.2\junit-jupiter-engine-5.10.2.jar;C:\Users\ASUS\.m2\repository\org\junit\platform\junit-platform-engine\1.10.2\junit-platform-engine-1.10.2.jar;C:\Users\ASUS\.m2\repository\org\junit\jupiter\junit-jupiter-params\5.10.2\junit-jupiter-params-5.10.2.jar;C:\Users\ASUS\.m2\repository\org\mockito\mockito-core\5.11.0\mockito-core-5.11.0.jar;C:\Users\ASUS\.m2\repository\net\bytebuddy\byte-buddy-agent\1.14.12\byte-buddy-agent-1.14.12.jar;C:\Users\ASUS\.m2\repository\org\objenesis\objenesis\3.3\objenesis-3.3.jar;C:\Users\ASUS\.m2\repository\org\mockito\mockito-junit-jupiter\5.11.0\mockito-junit-jupiter-5.11.0.jar;"/>
    <property name="sun.cpu.endian" value="little"/>
    <property name="user.home" value="C:\Users\ASUS"/>
    <property name="user.language" value="zh"/>
    <property name="java.specification.vendor" value="Oracle Corporation"/>
    <property name="java.version.date" value="2024-07-16"/>
    <property name="java.home" value="C:\Scoop\apps\openjdk22\current"/>
    <property name="file.separator" value="\"/>
    <property name="basedir" value="C:\Users\ASUS\SoftwareEngineering"/>
    <property name="java.vm.compressedOopsMode" value="Zero based"/>
    <property name="line.separator" value="&#10;"/>
    <property name="java.vm.specification.vendor" value="Oracle Corporation"/>
    <property name="java.specification.name" value="Java Platform API Specification"/>
    <property name="surefire.real.class.path" value="C:\Users\ASUS\AppData\Local\Temp\surefire4176031854312106677\surefirebooter-20250524000053598_3.jar"/>
    <property name="user.script" value=""/>
    <property name="sun.management.compiler" value="HotSpot 64-Bit Tiered Compilers"/>
    <property name="java.runtime.version" value="22.0.2+9-70"/>
    <property name="user.name" value="ASUS"/>
    <property name="stdout.encoding" value="UTF-8"/>
    <property name="path.separator" value=";"/>
    <property name="os.version" value="10.0"/>
    <property name="java.runtime.name" value="OpenJDK Runtime Environment"/>
    <property name="file.encoding" value="UTF-8"/>
    <property name="java.vm.name" value="OpenJDK 64-Bit Server VM"/>
    <property name="localRepository" value="C:\Users\ASUS\.m2\repository"/>
    <property name="java.vendor.url.bug" value="https://bugreport.java.com/bugreport/"/>
    <property name="java.io.tmpdir" value="C:\Users\ASUS\AppData\Local\Temp\"/>
    <property name="java.version" value="22.0.2"/>
    <property name="user.dir" value="C:\Users\ASUS\SoftwareEngineering"/>
    <property name="os.arch" value="amd64"/>
    <property name="java.vm.specification.name" value="Java Virtual Machine Specification"/>
    <property name="sun.os.patch.level" value=""/>
    <property name="native.encoding" value="UTF-8"/>
    <property name="java.library.path" value="C:\Scoop\apps\openjdk22\current\bin;C:\WINDOWS\Sun\Java\bin;C:\WINDOWS\system32;C:\WINDOWS;D:\App\anaconda;D:\App\anaconda\Library\mingw-w64\bin;D:\App\anaconda\Library\usr\bin;D:\App\anaconda\Library\bin;D:\App\anaconda\Scripts;C:\Windows\system32;C:\Windows;C:\Windows\System32\Wbem;C:\Windows\System32\WindowsPowerShell\v1.0\;C:\Windows\System32\OpenSSH\;C:\Program Files (x86)\NVIDIA Corporation\PhysX\Common;C:\Program Files\NVIDIA Corporation\NVIDIA NvDLISR;C:\Program Files\dotnet\;C:\WINDOWS\system32;C:\WINDOWS;C:\WINDOWS\System32\Wbem;C:\WINDOWS\System32\WindowsPowerShell\v1.0\;C:\WINDOWS\System32\OpenSSH\;C:\Program Files\Microsoft SQL Server\150\Tools\Binn\;C:\Program Files\Microsoft SQL Server\Client SDK\ODBC\170\Tools\Binn\;C:\Program Files (x86)\Windows Kits\10\Windows Performance Toolkit\;C:\Program Files\Docker\Docker\resources\bin;C:\Scoop\apps\maven\current\bin;C:\Scoop\apps\openjdk22\current\bin;C:\Scoop\apps\nodejs\current\bin;C:\Scoop\apps\nodejs\current;C:\Scoop\apps\mingw\current\bin;C:\Scoop\apps\vscode\current\bin;C:\Scoop\shims;C:\Users\ASUS\AppData\Local\Microsoft\WindowsApps;C:\Program Files\JetBrains\IntelliJ IDEA 2024.1.1\bin;;C:\Users\ASUS\AppData\Local\Microsoft\WindowsApps;C:\Program Files\JetBrains\PyCharm 2024.1.4\bin;;C:\Users\ASUS\AppData\Local\Programs\Ollama;."/>
    <property name="java.vm.info" value="mixed mode, sharing"/>
    <property name="stderr.encoding" value="UTF-8"/>
    <property name="java.vendor" value="Oracle Corporation"/>
    <property name="java.vm.version" value="22.0.2+9-70"/>
    <property name="sun.io.unicode.encoding" value="UnicodeLittle"/>
    <property name="java.class.version" value="66.0"/>
  </properties>
  <testcase name="testBillConstructorWithArray" classname="com.bxtz.BillTest" time="0.019"/>
  <testcase name="testBillConstructorAndGetters" classname="com.bxtz.BillTest" time="0.001"/>
</testsuite>